[debug] [2018-02-28T21:54:05.008Z] ----------------------------------------------------------------------
[debug] [2018-02-28T21:54:05.011Z] Command:       C:\Program Files\nodejs\node.exe C:\Users\danielh\AppData\Roaming\npm\node_modules\firebase-tools\bin\firebase deploy
[debug] [2018-02-28T21:54:05.012Z] CLI Version:   3.17.4
[debug] [2018-02-28T21:54:05.012Z] Platform:      win32
[debug] [2018-02-28T21:54:05.012Z] Node Version:  v8.9.1
[debug] [2018-02-28T21:54:05.013Z] Time:          Wed Feb 28 2018 16:54:05 GMT-0500 (Hora est. Pacífico, Sudamérica)
[debug] [2018-02-28T21:54:05.013Z] ----------------------------------------------------------------------
[debug] 
[debug] [2018-02-28T21:54:05.028Z] > command requires scopes: ["email","openid","https://www.googleapis.com/auth/cloudplatformprojects.readonly","https://www.googleapis.com/auth/firebase","https://www.googleapis.com/auth/cloud-platform"]
[debug] [2018-02-28T21:54:05.029Z] > authorizing via signed-in user
[debug] [2018-02-28T21:54:05.031Z] >>> HTTP REQUEST GET https://admin.firebase.com/v1/projects/muppler-89804  
  
 Wed Feb 28 2018 16:54:05 GMT-0500 (Hora est. Pacífico, Sudamérica)
[debug] [2018-02-28T21:54:05.633Z] <<< HTTP RESPONSE 200
[debug] [2018-02-28T21:54:05.634Z] >>> HTTP REQUEST GET https://admin.firebase.com/v1/database/muppler-89804/tokens  
  
 Wed Feb 28 2018 16:54:05 GMT-0500 (Hora est. Pacífico, Sudamérica)
[debug] [2018-02-28T21:54:06.106Z] <<< HTTP RESPONSE 200
[info] 
[info] === Deploying to 'muppler-89804'...
[info] 
[info] i  deploying hosting
[info] i  hosting: preparing public directory for upload...
[debug] [2018-02-28T21:54:07.044Z] >>> HTTP REQUEST PUT https://deploy.firebase.com/v1/hosting/muppler-89804/uploads/-L6TP79aFLR2CLKyByJG?fileCount=147&message=  
  
 Wed Feb 28 2018 16:54:07 GMT-0500 (Hora est. Pacífico, Sudamérica)
[debug] [2018-02-28T21:54:10.318Z] <<< HTTP RESPONSE 200
[debug] [2018-02-28T21:54:10.318Z] [hosting] .tgz uploaded successfully, waiting for extraction
